<?xml version="1.0" encoding="UTF-8"?>
<!-- Generated by org.testng.reporters.JUnitReportReporter -->
<testsuite hostname="LAPTOP-4EBV38TC" failures="0" tests="4" name="api.test.UserTestsUseRouteClass" time="5.425" errors="0" timestamp="2024-11-29T12:25:01 TRT" skipped="0">
  <testcase classname="api.test.UserTestsUseRouteClass" name="testPostUser" time="2.577"/>
  <testcase classname="api.test.UserTestsUseRouteClass" name="testGetUserByName" time="0.731"/>
  <testcase classname="api.test.UserTestsUseRouteClass" name="testUpdateUserByName" time="1.414"/>
  <testcase classname="api.test.UserTestsUseRouteClass" name="testDeleteUserByName" time="0.703"/>
</testsuite> <!-- api.test.UserTestsUseRouteClass -->
