<?xml version="1.0" encoding="UTF-8"?>
<!-- Generated by org.testng.reporters.JUnitReportReporter -->
<testsuite hostname="LAPTOP-4EBV38TC" failures="0" tests="4" name="api.test.PetTestsUseProperties" time="5.297" errors="0" timestamp="2024-11-29T16:35:58 TRT" skipped="0">
  <testcase classname="api.test.PetTestsUseProperties" name="testPostPet" time="2.489"/>
  <testcase classname="api.test.PetTestsUseProperties" name="testGetPetById" time="0.722"/>
  <testcase classname="api.test.PetTestsUseProperties" name="testUpdatePetById" time="1.398"/>
  <testcase classname="api.test.PetTestsUseProperties" name="testDeletePetById" time="0.688"/>
</testsuite> <!-- api.test.PetTestsUseProperties -->
