<?xml version="1.0" encoding="UTF-8"?>
<!-- Generated by org.testng.reporters.JUnitReportReporter -->
<testsuite hostname="LAPTOP-4EBV38TC" failures="0" tests="6" name="api.test.UserDataDrivenTests" time="5.842" errors="0" timestamp="2024-11-29T12:25:28 TRT" skipped="0">
  <testcase classname="api.test.UserDataDrivenTests" name="testPostuser" time="2.332"/>
  <testcase classname="api.test.UserDataDrivenTests" name="testPostuser" time="0.725"/>
  <testcase classname="api.test.UserDataDrivenTests" name="testPostuser" time="0.675"/>
  <testcase classname="api.test.UserDataDrivenTests" name="testDeleteUserByName" time="0.678"/>
  <testcase classname="api.test.UserDataDrivenTests" name="testDeleteUserByName" time="0.693"/>
  <testcase classname="api.test.UserDataDrivenTests" name="testDeleteUserByName" time="0.739"/>
</testsuite> <!-- api.test.UserDataDrivenTests -->
